<?xml version="1.0" encoding="UTF-8"?>
<testsuite name="DataTest" tests="2" skipped="0" failures="0" errors="0" timestamp="2017-12-16T23:25:42" hostname="Gautam" time="0.079">
  <properties/>
  <testcase name="datatest" classname="DataTest" time="0.079"/>
  <testcase name="datatest1" classname="DataTest" time="0.0"/>
  <system-out><![CDATA[]]></system-out>
  <system-err><![CDATA[]]></system-err>
</testsuite>
