<?xml version="1.0" encoding="UTF-8"?>
<testsuite name="ReaderTest" tests="3" skipped="0" failures="0" errors="0" timestamp="2017-12-16T23:25:42" hostname="Gautam" time="0.015">
  <properties/>
  <testcase name="readertest" classname="ReaderTest" time="0.0"/>
  <testcase name="readertest1" classname="ReaderTest" time="0.0"/>
  <testcase name="readertest2" classname="ReaderTest" time="0.0"/>
  <system-out><![CDATA[]]></system-out>
  <system-err><![CDATA[]]></system-err>
</testsuite>
